2022-07-15 13:53:26,644 :: loaded historic data...
2022-07-15 13:53:26,647 :: Saved office data to regional_offices.csv
2022-07-15 14:04:29,760 :: loaded historic data...
2022-07-15 14:04:29,763 :: Saved office data to regional_offices.csv
2022-07-15 14:19:48,316 :: loaded historic data...
2022-07-15 14:21:14,166 :: loaded historic data...
2022-07-15 14:21:27,531 :: Saved office data to regional_offices.csv
2022-07-15 14:21:54,256 :: loaded historic data...
2022-07-15 14:22:07,243 :: Saved office data to regional_offices.csv
2022-07-15 14:45:35,678 :: loaded historic data...
2022-07-15 14:46:38,859 :: Added a new Location
2022-07-15 14:46:44,204 :: Saved office data to regional_offices.csv
2022-07-15 15:03:31,057 :: loaded historic data...
2022-07-15 15:04:28,933 :: Saved office data to regional_offices.csv
2022-07-15 15:04:37,518 :: loaded historic data...
2022-07-15 15:06:34,268 :: Saved office data to regional_offices.csv
2022-07-15 15:32:50,776 :: loaded historic data...
2022-07-15 15:34:56,930 :: loaded historic data...
2022-07-15 15:35:57,180 :: Tried to enter an invalid value for tires sold
2022-07-15 15:35:58,820 :: Tried to enter an invalid value for tires sold
2022-07-15 15:36:00,932 :: Tried to enter an invalid value for tires sold
2022-07-15 15:36:04,036 :: Tried to enter an invalid value for tires sold
2022-07-15 15:36:06,324 :: Tried to enter an invalid value for tires sold
2022-07-15 15:36:19,667 :: loaded historic data...
2022-07-15 15:36:41,156 :: Added a new Location
2022-07-15 15:36:54,126 :: Saved office data to regional_offices.csv
2022-07-15 15:37:18,537 :: loaded historic data...
2022-07-15 15:37:36,750 :: Tried to enter an invalid value for tires sold
2022-07-15 15:37:41,085 :: Tried to enter an invalid value for tires sold
2022-07-15 15:37:42,540 :: Tried to enter an invalid value for tires sold
2022-07-15 15:37:43,430 :: Tried to enter an invalid value for tires sold
2022-07-15 15:37:44,924 :: Tried to enter an invalid value for tires sold
2022-07-15 15:37:46,492 :: Tried to enter an invalid value for tires sold
2022-07-15 15:39:57,021 :: loaded historic data...
2022-07-15 15:40:17,004 :: Added a new Location
2022-07-15 15:46:14,454 :: loaded historic data...
2022-07-15 15:46:34,740 :: Added a new Location
2022-07-15 15:47:14,913 :: loaded historic data...
2022-07-15 15:47:31,372 :: Added a new Location
2022-07-15 15:47:51,561 :: loaded historic data...
2022-07-15 15:48:11,405 :: Tried to enter an invalid value for tires sold
2022-07-15 15:48:15,141 :: Tried to enter an invalid value for tires sold
2022-07-15 15:48:15,916 :: Tried to enter an invalid value for tires sold
2022-07-15 15:48:16,701 :: Tried to enter an invalid value for tires sold
2022-07-15 15:48:19,612 :: Added a new Location
2022-07-15 15:48:23,733 :: Saved office data to regional_offices.csv
2022-07-18 16:08:04,237 :: loaded historic data...
2022-07-18 16:08:21,589 :: Saved office data to regional_offices.csv
2022-07-18 16:10:24,049 :: loaded historic data...
2022-07-18 16:10:33,421 :: Saved office data to regional_offices.csv
2022-07-18 16:11:15,585 :: loaded historic data...
2022-07-18 16:12:56,058 :: loaded historic data...
2022-07-18 16:15:01,366 :: loaded historic data...
2022-07-18 16:16:01,173 :: Saved office data to regional_offices.csv
2022-07-18 16:17:19,801 :: loaded historic data...
2022-07-18 16:19:01,638 :: loaded historic data...
2022-07-18 16:19:34,651 :: loaded historic data...
2022-07-18 16:20:37,771 :: loaded historic data...
2022-07-18 16:21:30,005 :: loaded historic data...
2022-07-18 16:21:49,324 :: Tried to enter an invalid value for tires sold forLittle Rock George
2022-07-18 16:22:47,845 :: Saved office data to regional_offices.csv
2022-07-19 13:37:55,734 :: loaded historic data...
2022-07-19 13:39:20,494 :: loaded historic data...
2022-07-19 13:39:48,967 :: loaded historic data...
2022-07-19 13:41:19,763 :: loaded historic data...
2022-07-19 13:41:49,293 :: loaded historic data...
2022-07-19 13:42:10,890 :: loaded historic data...
2022-07-19 13:42:34,098 :: loaded historic data...
2022-07-19 13:43:12,909 :: Saved office data to regional_offices.csv
2022-07-19 13:43:48,762 :: loaded historic data...
2022-07-19 13:44:07,741 :: Saved office data to regional_offices.csv
2022-07-19 13:51:52,242 :: loaded historic data...
2022-07-19 13:53:16,585 :: loaded historic data...
2022-07-19 13:54:11,478 :: Saved office data to regional_offices.csv
2022-07-19 14:38:40,383 :: loaded historic data...
2022-07-19 14:40:49,311 :: Saved office data to regional_offices.csv
2022-07-19 14:41:24,917 :: loaded historic data...
2022-07-19 14:42:26,935 :: Saved office data to regional_offices.csv
2022-07-19 14:56:31,563 :: loaded historic data...
2022-07-19 15:07:36,882 :: loaded historic data...
2022-07-19 15:09:32,176 :: Saved office data to regional_offices.csv
2022-07-20 14:01:31,830 :: loaded historic data...
2022-07-20 14:03:54,226 :: loaded historic data...
2022-07-20 14:04:58,453 :: loaded historic data...
2022-07-20 14:06:48,048 :: loaded historic data...
2022-07-20 14:09:52,829 :: Tried to enter an invalid value for tires sold forBenton Sally
2022-07-20 14:16:05,093 :: Added a new office
2022-07-20 14:16:42,822 :: Saved office data to regional_offices.csv
2022-07-20 14:41:01,935 :: loaded historic data...
2022-07-20 14:45:18,448 :: loaded historic data...
2022-07-20 14:48:12,667 :: loaded historic data...
2022-07-20 14:51:21,493 :: Tried to enter an invalid value for tires sold forBienville Heather
2022-07-20 14:51:24,030 :: Added a new office
2022-07-20 14:52:35,606 :: Saved office data to regional_offices.csv
